2020-02-01		place holder <placeholder@placeholder>
2020-02-01	X	place holder <placeholder@placeholder>
2020-02-01		place holder <placeholder@placeholder>
2020-02-01	X	place holder <placeholder@placeholder>
2020-02-01		place holder <placeholder@placeholder>
2020-02-01	X	place holder <placeholder@placeholder>
2020-02-01		place holder <placeholder@placeholder>
2020-02-01	X	place holder <placeholder@placeholder>
2020-02-01		place holder <placeholder@placeholder>
2020-02-01	X	place holder <placeholder@placeholder>
2020-02-01		place holder <placeholder@placeholder>
2020-02-01	X	place holder <placeholder@placeholder>
2020-02-01		place holder <placeholder@placeholder>
2020-02-01	X	place holder <placeholder@placeholder>
2020-02-01		place holder <placeholder@placeholder>
2020-02-01	X	place holder <placeholder@placeholder>
2020-02-01		place holder <placeholder@placeholder>
2020-02-01	X	place holder <placeholder@placeholder>
2020-02-01		place holder <placeholder@placeholder>
2020-02-01	X	place holder <placeholder@placeholder>
2020-02-01		Alline Golliday <AG@uoregon.edu>
2020-02-01	X	Loyd Zeringue <LZ@uoregon.edu>
2020-02-01		Doretta Embrey <DE@uoregon.edu>
2020-02-01	X	Matthew Schrum <MS@uoregon.edu>
2020-02-01		Leif Wadleigh <LF@uoregon.edu>
2020-02-01	X	Tuan Gregson <TG@uoregon.edu>
2020-02-01		Bill Johnson <BillJ@uoregon.edu>
2020-02-01	X	Britni Bianach <BB@uoregon.edu>
2020-02-01		Chad Vacca <CV@uoregon.edu>
2020-02-01	X	Lin Dimond <LD@uoregon.edu>
2020-02-01		Bob Smith <BobS@uoregon.edu>
2020-02-01	X	Josefina Zahler <JZ@uoregon.edu>
2020-02-01		Carter Parisi <CP@uoregon.edu>
2020-02-01		Devorah Goodfellow <DG@uoregon.edu>
2020-02-01		Nella Brittingham <NB@uoregon.edu>
2020-02-01		See Kubiak <SK@uoregon.edu>
2020-02-01		Mendy Kleve <MKl@uoregon.edu>
2020-02-01		Verda Appleby <VA@uoregon.edu>
2020-02-01		Tony Oshea <TO@uoregon.edu>
2020-02-01		Adina Radford <AR@uoregon.edu>
2020-02-01	X	Rossie Ostroff <RO@uoregon.edu>
2020-02-01	X	Janene Tartaglia <JT@uoregon.edu>
2020-02-01	X	Terra Cogan <TC@uoregon.edu>
2020-02-01		Ann Williams <AnnW@uoregon.edu>
2020-02-01	X	Clarita Walmsley <CW@uoregon.edu>
2020-02-01	X	Mose Tenorio <MT@uoregon.edu>
2020-02-01		Edris Pepper <EP@uoregon.edu>
2020-02-01	X	Madalyn Kingsbury <MK@uoregon.edu>
2020-02-01	X	Deanna Remington <DR@uoregon.edu>
2020-02-01		Loan Heideman <LH@uoregon.edu>
2020-02-01		Alline Golliday <AG@uoregon.edu>
2020-02-01	X	Loyd Zeringue <LZ@uoregon.edu>
2020-02-01		Doretta Embrey <DE@uoregon.edu>
2020-02-01		Matthew Schrum <MS@uoregon.edu>
2020-02-01		Ginette Braham <GB@uoregon.edu>
2020-02-01	X	Tuan Gregson <TG@uoregon.edu>
2020-02-01		Bill Johnson <BillJ@uoregon.edu>
2020-02-01		Britni Bianach <BB@uoregon.edu>
2020-02-01		Chad Vacca <CV@uoregon.edu>
2020-02-01		Leif Wadleigh <LF@uoregon.edu>
2020-02-01		Jeni Ortego <JO@uoregon.edu>
2020-02-01		Charla Blasi <CB@uoregon.edu>
2020-02-01		Bob Smith <BobS@uoregon.edu>
2020-02-01		Josefina Zahler <JZ@uoregon.edu>
2020-02-01		Carter Parisi <CP@uoregon.edu>
2020-02-01		Lin Dimond <LD@uoregon.edu>
2020-02-01		Nella Brittingham <NB@uoregon.edu>
2020-02-01		See Kubiak <SK@uoregon.edu>
2020-02-01		Mendy Kleve <MKl@uoregon.edu>
2020-02-01		Devorah Goodfellow <DG@uoregon.edu>
2020-02-01		Verda Appleby <VA@uoregon.edu>
2020-02-01		Tony Oshea <TO@uoregon.edu>
2020-02-01		Janene Tartaglia <JT@uoregon.edu>
2020-02-01		Terra Cogan <TC@uoregon.edu>
2020-02-01		Adina Radford <AR@uoregon.edu>
2020-02-01		Rossie Ostroff <RO@uoregon.edu>
2020-02-01	X	Edris Pepper <EP@uoregon.edu>
2020-02-01		Ann Williams <AnnW@uoregon.edu>
2020-02-01		Clarita Walmsley <CW@uoregon.edu>
2020-02-01		Mose Tenorio <MT@uoregon.edu>
2020-02-01		Madalyn Kingsbury <MK@uoregon.edu>
2020-02-01		Loyd Zeringue <LZ@uoregon.edu>
2020-02-01	X	Doretta Embrey <DE@uoregon.edu>
2020-02-01	X	Matthew Schrum <MS@uoregon.edu>
2020-02-01		Deanna Remington <DR@uoregon.edu>
2020-02-01	X	Tuan Gregson <TG@uoregon.edu>
2020-02-01		Loan Heideman <LH@uoregon.edu>
2020-02-01	X	Britni Bianach <BB@uoregon.edu>
2020-02-01		Alline Golliday <AG@uoregon.edu>
2020-02-01	X	Leif Wadleigh <LF@uoregon.edu>
2020-02-01		Ginette Braham <GB@uoregon.edu>
2020-02-01	X	Charla Blasi <CB@uoregon.edu>
2020-02-01	X	Bill Johnson <BillJ@uoregon.edu>
2020-02-01	X	Josefina Zahler <JZ@uoregon.edu>
2020-02-01	X	Carter Parisi <CP@uoregon.edu>
2020-02-01		Lin Dimond <LD@uoregon.edu>
2020-02-01		Nella Brittingham <NB@uoregon.edu>
2020-02-01		Chad Vacca <CV@uoregon.edu>
2020-02-01		Mendy Kleve <MKl@uoregon.edu>
2020-02-01		Devorah Goodfellow <DG@uoregon.edu>
2020-02-01		Verda Appleby <VA@uoregon.edu>
2020-02-01		Jeni Ortego <JO@uoregon.edu>
2020-02-01	X	Janene Tartaglia <JT@uoregon.edu>
2020-02-01	X	Terra Cogan <TC@uoregon.edu>
2020-02-01		Bob Smith <BobS@uoregon.edu>
2020-02-01	X	Rossie Ostroff <RO@uoregon.edu>
2020-02-01		See Kubiak <SK@uoregon.edu>
2020-02-01		Ann Williams <AnnW@uoregon.edu>
2020-02-01		Clarita Walmsley <CW@uoregon.edu>
2020-02-01	X	Tony Oshea <TO@uoregon.edu>
2020-02-01	X	Madalyn Kingsbury <MK@uoregon.edu>
2020-02-01	X	Loyd Zeringue <LZ@uoregon.edu>
2020-02-01	X	Doretta Embrey <DE@uoregon.edu>
2020-02-01		Adina Radford <AR@uoregon.edu>
2020-02-01	X	Deanna Remington <DR@uoregon.edu>
2020-02-01		Tuan Gregson <TG@uoregon.edu>
2020-02-01		Edris Pepper <EP@uoregon.edu>
2020-02-01	X	Britni Bianach <BB@uoregon.edu>
2020-02-01	X	Alline Golliday <AG@uoregon.edu>
2020-02-01		Mose Tenorio <MT@uoregon.edu>
2020-02-01	X	Ginette Braham <GB@uoregon.edu>
2020-02-01		Matthew Schrum <MS@uoregon.edu>
2020-02-01		Bill Johnson <BillJ@uoregon.edu>
2020-02-01		Josefina Zahler <JZ@uoregon.edu>
2020-02-01		Carter Parisi <CP@uoregon.edu>
2020-02-01		Charla Blasi <CB@uoregon.edu>
2020-02-01	X	Nella Brittingham <NB@uoregon.edu>
2020-02-01	X	Chad Vacca <CV@uoregon.edu>
2020-02-01		Leif Wadleigh <LF@uoregon.edu>
2020-02-01	X	Devorah Goodfellow <DG@uoregon.edu>
2020-02-01	X	Verda Appleby <VA@uoregon.edu>
2020-02-01		Jeni Ortego <JO@uoregon.edu>
2020-02-01	X	Janene Tartaglia <JT@uoregon.edu>
2020-02-01		Terra Cogan <TC@uoregon.edu>
2020-02-01		Bob Smith <BobS@uoregon.edu>
2020-02-01		Loan Heideman <LH@uoregon.edu>
2020-02-01	X	See Kubiak <SK@uoregon.edu>
2020-02-01		Ann Williams <AnnW@uoregon.edu>
2020-02-01		Clarita Walmsley <CW@uoregon.edu>
2020-02-01		Lin Dimond <LD@uoregon.edu>
2020-02-01		Madalyn Kingsbury <MK@uoregon.edu>
2020-02-01	X	Loyd Zeringue <LZ@uoregon.edu>
2020-02-01		Doretta Embrey <DE@uoregon.edu>
2020-02-01		Mendy Kleve <MKl@uoregon.edu>
2020-02-01	X	Deanna Remington <DR@uoregon.edu>
2020-02-01		Rossie Ostroff <RO@uoregon.edu>
2020-02-01	X	Edris Pepper <EP@uoregon.edu>
2020-02-01		Tony Oshea <TO@uoregon.edu>
2020-02-01	X	Alline Golliday <AG@uoregon.edu>
2020-02-01		Adina Radford <AR@uoregon.edu>
2020-02-01	X	Ginette Braham <GB@uoregon.edu>
2020-02-01		Britni Bianach <BB@uoregon.edu>
2020-02-01		Tuan Gregson <TG@uoregon.edu>
2020-02-01		Matthew Schrum <MS@uoregon.edu>
2020-02-01	X	Carter Parisi <CP@uoregon.edu>
2020-02-01		Mose Tenorio <MT@uoregon.edu>
2020-02-01	X	Nella Brittingham <NB@uoregon.edu>
2020-02-01		Chad Vacca <CV@uoregon.edu>
2020-02-01		Bill Johnson <BillJ@uoregon.edu>
2020-02-01	X	Devorah Goodfellow <DG@uoregon.edu>
2020-02-01		Josefina Zahler <JZ@uoregon.edu>
2020-02-01	X	Jeni Ortego <JO@uoregon.edu>
2020-02-01		Charla Blasi <CB@uoregon.edu>
2020-02-01	X	Janene Tartaglia <JT@uoregon.edu>
2020-02-01		Bob Smith <BobS@uoregon.edu>
2020-02-01		Loan Heideman <LH@uoregon.edu>
2020-02-01		Verda Appleby <VA@uoregon.edu>
2020-02-01	X	Ann Williams <AnnW@uoregon.edu>
2020-02-01		See Kubiak <SK@uoregon.edu>
2020-02-01	X	Lin Dimond <LD@uoregon.edu>
2020-02-01		Terra Cogan <TC@uoregon.edu>
2020-02-01	X	Loyd Zeringue <LZ@uoregon.edu>
2020-02-01		Leif Wadleigh <LF@uoregon.edu>
2020-02-01	X	Mendy Kleve <MKl@uoregon.edu>
2020-02-01		Clarita Walmsley <CW@uoregon.edu>
2020-02-01	X	Rossie Ostroff <RO@uoregon.edu>
2020-02-01		Madalyn Kingsbury <MK@uoregon.edu>
2020-02-01	X	Tony Oshea <TO@uoregon.edu>
2020-02-01	X	Alline Golliday <AG@uoregon.edu>
2020-02-01		Edris Pepper <EP@uoregon.edu>
2020-02-01		Ginette Braham <GB@uoregon.edu>
2020-02-01	X	Britni Bianach <BB@uoregon.edu>
2020-02-01		Adina Radford <AR@uoregon.edu>
2020-02-01	X	Matthew Schrum <MS@uoregon.edu>
2020-02-01		Charla Blasi <CB@uoregon.edu>
2020-02-01	X	Lin Dimond <LD@uoregon.edu>
2020-02-01		Nella Brittingham <NB@uoregon.edu>
2020-02-01	X	Devorah Goodfellow <DG@uoregon.edu>
2020-02-01		Josefina Zahler <JZ@uoregon.edu>
2020-02-01	X	Britni Bianach <BB@uoregon.edu>
2020-02-01		Chad Vacca <CV@uoregon.edu>
2020-02-01		Ginette Braham <GB@uoregon.edu>
2020-02-01		Carter Parisi <CP@uoregon.edu>
2020-02-01	X	See Kubiak <SK@uoregon.edu>
2020-02-01		Alline Golliday <AG@uoregon.edu>
2020-02-01	X	Tuan Gregson <TG@uoregon.edu>
2020-02-01		Bill Johnson <BillJ@uoregon.edu>
2020-02-01	X	Verda Appleby <VA@uoregon.edu>
2020-02-01		Edris Pepper <EP@uoregon.edu>
2020-02-01	X	Mendy Kleve <MKl@uoregon.edu>
2020-02-01		Mose Tenorio <MT@uoregon.edu>
2020-02-01	X	Nella Brittingham <NB@uoregon.edu>
2020-02-01		Lin Dimond <LD@uoregon.edu>
2020-02-01	X	Deanna Remington <DR@uoregon.edu>
2020-02-01		Rossie Ostroff <RO@uoregon.edu>
2020-02-01		Chad Vacca <CV@uoregon.edu>
2020-02-01	X	Clarita Walmsley <CW@uoregon.edu>
2020-02-01		Matthew Schrum <MS@uoregon.edu>
2020-02-01	X	Britni Bianach <BB@uoregon.edu>
2020-02-01		Terra Cogan <TC@uoregon.edu>
2020-02-01	X	Josefina Zahler <JZ@uoregon.edu>
2020-02-01		Bob Smith <BobS@uoregon.edu>
2020-02-01	X	Ann Williams <AnnW@uoregon.edu>
2020-02-01		Ginette Braham <GB@uoregon.edu>
2020-02-01	X	Doretta Embrey <DE@uoregon.edu>
2020-02-01		Tony Oshea <TO@uoregon.edu>
2020-02-01	X	Adina Radford <AR@uoregon.edu>
2020-02-01		Mendy Kleve <MKl@uoregon.edu>
2020-02-01	X	Edris Pepper <EP@uoregon.edu>
2020-02-01		Verda Appleby <VA@uoregon.edu>
2020-02-01	X	Madalyn Kingsbury <MK@uoregon.edu>
2020-02-01		Janene Tartaglia <JT@uoregon.edu>
2020-02-01	X	Devorah Goodfellow <DG@uoregon.edu>
2020-02-01		Britni Bianach <BB@uoregon.edu>
2020-02-01		Loan Heideman <LH@uoregon.edu>
2020-02-01		Adina Radford <AR@uoregon.edu>
2020-02-01		Jeni Ortego <JO@uoregon.edu>
2020-02-01		Bill Johnson <BillJ@uoregon.edu>
2020-02-01		Tony Oshea <TO@uoregon.edu>
2020-02-01	X	Chad Vacca <CV@uoregon.edu>
2020-02-01		Lin Dimond <LD@uoregon.edu>
2020-02-01		Matthew Schrum <MS@uoregon.edu>
2020-02-01		Ginette Braham <GB@uoregon.edu>
2020-02-01		Verda Appleby <VA@uoregon.edu>
2020-02-01	X	See Kubiak <SK@uoregon.edu>
2020-02-01		Britni Bianach <BB@uoregon.edu>
2020-02-01	X	Mose Tenorio <MT@uoregon.edu>
2020-02-01		Madalyn Kingsbury <MK@uoregon.edu>
2020-02-01	X	Doretta Embrey <DE@uoregon.edu>
2020-02-01		Josefina Zahler <JZ@uoregon.edu>
2020-02-01	X	Tuan Gregson <TG@uoregon.edu>
2020-02-01	X	Deanna Remington <DR@uoregon.edu>
2020-02-01		Devorah Goodfellow <DG@uoregon.edu>
2020-02-01	X	Janene Tartaglia <JT@uoregon.edu>
2020-02-01		See Kubiak <SK@uoregon.edu>
2020-02-01	X	Rossie Ostroff <RO@uoregon.edu>
2020-02-01		Madalyn Kingsbury <MK@uoregon.edu>
2020-02-01	X	Josefina Zahler <JZ@uoregon.edu>
2020-02-01		Britni Bianach <BB@uoregon.edu>
2020-02-01	X	Verda Appleby <VA@uoregon.edu>
2020-02-01	X	Devorah Goodfellow <DG@uoregon.edu>
2020-02-01		Doretta Embrey <DE@uoregon.edu>
2020-02-01	X	Alline Golliday <AG@uoregon.edu>
2020-02-01		Mendy Kleve <MKl@uoregon.edu>
2020-02-01	X	Lin Dimond <LD@uoregon.edu>
2020-02-01		Loan Heideman <LH@uoregon.edu>
2020-02-01		Loyd Zeringue <LZ@uoregon.edu>
2020-02-01		Clarita Walmsley <CW@uoregon.edu>
2020-02-01		Edris Pepper <EP@uoregon.edu>
2020-02-01		Janene Tartaglia <JT@uoregon.edu>
2020-02-01		Deanna Remington <DR@uoregon.edu>
2020-02-01		Adina Radford <AR@uoregon.edu>
2020-02-01		Ann Williams <AnnW@uoregon.edu>
2020-02-01		Nella Brittingham <NB@uoregon.edu>
2020-02-01		Chad Vacca <CV@uoregon.edu>
2020-02-01		Terra Cogan <TC@uoregon.edu>
2020-02-01		Tony Oshea <TO@uoregon.edu>
2020-02-01		Bob Smith <BobS@uoregon.edu>
2020-02-01		Bill Johnson <BillJ@uoregon.edu>
2020-02-01		Ginette Braham <GB@uoregon.edu>
2020-02-01	X	Matthew Schrum <MS@uoregon.edu>
2020-02-01	X	Charla Blasi <CB@uoregon.edu>
2020-02-01	X	Leif Wadleigh <LF@uoregon.edu>
2020-02-01	X	Mose Tenorio <MT@uoregon.edu>
2020-02-01	X	Jeni Ortego <JO@uoregon.edu>
2020-02-01	X	Tuan Gregson <TG@uoregon.edu>
2020-02-01	X	Carter Parisi <CP@uoregon.edu>
2020-02-01		Rossie Ostroff <RO@uoregon.edu>
2020-02-01	X	Britni Bianach <BB@uoregon.edu>
2020-02-01		See Kubiak <SK@uoregon.edu>
2020-02-01	X	Devorah Goodfellow <DG@uoregon.edu>
2020-02-01		Josefina Zahler <JZ@uoregon.edu>
2020-02-01	X	Alline Golliday <AG@uoregon.edu>
2020-02-01		Madalyn Kingsbury <MK@uoregon.edu>
2020-02-01	X	Lin Dimond <LD@uoregon.edu>
2020-02-01		Verda Appleby <VA@uoregon.edu>
2020-02-01	X	Loyd Zeringue <LZ@uoregon.edu>
2020-02-01		Doretta Embrey <DE@uoregon.edu>
2020-02-01	X	Edris Pepper <EP@uoregon.edu>
2020-02-01		Mendy Kleve <MKl@uoregon.edu>
2020-02-01	X	Deanna Remington <DR@uoregon.edu>
2020-02-01		Loan Heideman <LH@uoregon.edu>
2020-02-01	X	Ann Williams <AnnW@uoregon.edu>
2020-02-01		Clarita Walmsley <CW@uoregon.edu>
2020-02-01	X	Chad Vacca <CV@uoregon.edu>
2020-02-01		Janene Tartaglia <JT@uoregon.edu>
2020-02-01	X	Tony Oshea <TO@uoregon.edu>
2020-02-01		Adina Radford <AR@uoregon.edu>
2020-02-01	X	Bill Johnson <BillJ@uoregon.edu>
2020-02-01		Nella Brittingham <NB@uoregon.edu>
2020-02-01	X	Matthew Schrum <MS@uoregon.edu>
2020-02-01		Terra Cogan <TC@uoregon.edu>
2020-02-01	X	Leif Wadleigh <LF@uoregon.edu>
2020-02-01	X	Bob Smith <BobS@uoregon.edu>
2020-02-01		Jeni Ortego <JO@uoregon.edu>
2020-02-01	X	Tuan Gregson <TG@uoregon.edu>
2020-02-01	X	Ginette Braham <GB@uoregon.edu>
2020-02-01		Charla Blasi <CB@uoregon.edu>
2020-02-01		Britni Bianach <BB@uoregon.edu>
2020-02-01		Mose Tenorio <MT@uoregon.edu>
2020-02-01		Devorah Goodfellow <DG@uoregon.edu>
2020-02-01		Carter Parisi <CP@uoregon.edu>
2020-02-01	X	Alline Golliday <AG@uoregon.edu>
2020-02-01	X	Madalyn Kingsbury <MK@uoregon.edu>
2020-02-01	X	Rossie Ostroff <RO@uoregon.edu>
2020-02-01	X	See Kubiak <SK@uoregon.edu>
2020-02-01		Loyd Zeringue <LZ@uoregon.edu>
2020-02-01	X	Doretta Embrey <DE@uoregon.edu>
2020-02-01		Josefina Zahler <JZ@uoregon.edu>
2020-02-01	X	Mendy Kleve <MKl@uoregon.edu>
2020-02-01	X	Lin Dimond <LD@uoregon.edu>
2020-02-01		Loan Heideman <LH@uoregon.edu>
2020-02-01		Ann Williams <AnnW@uoregon.edu>
2020-02-01		Clarita Walmsley <CW@uoregon.edu>
2020-02-01		Verda Appleby <VA@uoregon.edu>
2020-02-01		Janene Tartaglia <JT@uoregon.edu>
2020-02-01	X	Tony Oshea <TO@uoregon.edu>
2020-02-01		Edris Pepper <EP@uoregon.edu>
2020-02-01		Deanna Remington <DR@uoregon.edu>
2020-02-01		Chad Vacca <CV@uoregon.edu>
2020-02-01		Adina Radford <AR@uoregon.edu>
2020-02-01		Bill Johnson <BillJ@uoregon.edu>
2020-02-01		Nella Brittingham <NB@uoregon.edu>
2020-02-01		Matthew Schrum <MS@uoregon.edu>
2020-02-01		Terra Cogan <TC@uoregon.edu>
2020-02-01		Leif Wadleigh <LF@uoregon.edu>
2020-02-01		Bob Smith <BobS@uoregon.edu>
2020-02-01	X	Tuan Gregson <TG@uoregon.edu>
2020-02-01	X	Jeni Ortego <JO@uoregon.edu>
2020-02-01	X	Charla Blasi <CB@uoregon.edu>
2020-02-01	X	Ginette Braham <GB@uoregon.edu>
2020-02-01	X	Britni Bianach <BB@uoregon.edu>
2020-02-01	X	Mose Tenorio <MT@uoregon.edu>
2020-02-01	X	Madalyn Kingsbury <MK@uoregon.edu>
2020-02-01	X	Carter Parisi <CP@uoregon.edu>
2020-02-01	X	See Kubiak <SK@uoregon.edu>
2020-02-01	X	Alline Golliday <AG@uoregon.edu>
2020-02-01	X	Rossie Ostroff <RO@uoregon.edu>
2020-02-01	X	Devorah Goodfellow <DG@uoregon.edu>
2020-02-01	X	Loyd Zeringue <LZ@uoregon.edu>
2020-02-01	X	Doretta Embrey <DE@uoregon.edu>
2020-02-01	X	Loan Heideman <LH@uoregon.edu>
2020-02-01	X	Ann Williams <AnnW@uoregon.edu>
2020-02-01	X	Josefina Zahler <JZ@uoregon.edu>
2020-02-01	X	Mendy Kleve <MKl@uoregon.edu>
2020-02-01	X	Janene Tartaglia <JT@uoregon.edu>
2020-02-01	X	Clarita Walmsley <CW@uoregon.edu>
2020-02-01	X	Edris Pepper <EP@uoregon.edu>
2020-02-01	X	Verda Appleby <VA@uoregon.edu>
2020-02-01	X	Tony Oshea <TO@uoregon.edu>
2020-02-01	X	Deanna Remington <DR@uoregon.edu>
2020-02-01	X	Chad Vacca <CV@uoregon.edu>
2020-02-01	X	Nella Brittingham <NB@uoregon.edu>
2020-02-01	X	Lin Dimond <LD@uoregon.edu>
2020-02-01		Doretta Embrey <DE@uoregon.edu>
2020-02-01	X	Rossie Ostroff <RO@uoregon.edu>
2020-02-01		Ginette Braham <GB@uoregon.edu>
2020-02-01	X	Madalyn Kingsbury <MK@uoregon.edu>
2020-02-01		Jeni Ortego <JO@uoregon.edu>
2020-02-01	X	Mose Tenorio <MT@uoregon.edu>
2020-02-01		Carter Parisi <CP@uoregon.edu>
2020-02-01	X	See Kubiak <SK@uoregon.edu>
